Determining if the pthread_create exist failed with the following output:
Change Dir: /home/ubuntu/environment/3m_ws/build/px100_simulation/CMakeFiles/CMakeTmp

Run Build Command:"/usr/bin/make" "cmTC_2ab55/fast"
/usr/bin/make -f CMakeFiles/cmTC_2ab55.dir/build.make CMakeFiles/cmTC_2ab55.dir/build
make[1]: Entering directory '/home/ubuntu/environment/3m_ws/build/px100_simulation/CMakeFiles/CMakeTmp'
Building C object CMakeFiles/cmTC_2ab55.dir/CheckSymbolExists.c.o
/usr/bin/cc    -o CMakeFiles/cmTC_2ab55.dir/CheckSymbolExists.c.o   -c /home/ubuntu/environment/3m_ws/build/px100_simulation/CMakeFiles/CMakeTmp/CheckSymbolExists.c
Linking C executable cmTC_2ab55
/usr/bin/cmake -E cmake_link_script CMakeFiles/cmTC_2ab55.dir/link.txt --verbose=1
/usr/bin/cc      -rdynamic CMakeFiles/cmTC_2ab55.dir/CheckSymbolExists.c.o  -o cmTC_2ab55 
CMakeFiles/cmTC_2ab55.dir/CheckSymbolExists.c.o: In function `main':
CheckSymbolExists.c:(.text+0x1b): undefined reference to `pthread_create'
collect2: error: ld returned 1 exit status
CMakeFiles/cmTC_2ab55.dir/build.make:97: recipe for target 'cmTC_2ab55' failed
make[1]: *** [cmTC_2ab55] Error 1
make[1]: Leaving directory '/home/ubuntu/environment/3m_ws/build/px100_simulation/CMakeFiles/CMakeTmp'
Makefile:126: recipe for target 'cmTC_2ab55/fast' failed
make: *** [cmTC_2ab55/fast] Error 2

File /home/ubuntu/environment/3m_ws/build/px100_simulation/CMakeFiles/CMakeTmp/CheckSymbolExists.c:
/* */
#include <pthread.h>

int main(int argc, char** argv)
{
  (void)argv;
#ifndef pthread_create
  return ((int*)(&pthread_create))[argc];
#else
  (void)argc;
  return 0;
#endif
}

Determining if the function pthread_create exists in the pthreads failed with the following output:
Change Dir: /home/ubuntu/environment/3m_ws/build/px100_simulation/CMakeFiles/CMakeTmp

Run Build Command:"/usr/bin/make" "cmTC_419cd/fast"
/usr/bin/make -f CMakeFiles/cmTC_419cd.dir/build.make CMakeFiles/cmTC_419cd.dir/build
make[1]: Entering directory '/home/ubuntu/environment/3m_ws/build/px100_simulation/CMakeFiles/CMakeTmp'
Building C object CMakeFiles/cmTC_419cd.dir/CheckFunctionExists.c.o
/usr/bin/cc   -DCHECK_FUNCTION_EXISTS=pthread_create   -o CMakeFiles/cmTC_419cd.dir/CheckFunctionExists.c.o   -c /usr/share/cmake-3.10/Modules/CheckFunctionExists.c
Linking C executable cmTC_419cd
/usr/bin/cmake -E cmake_link_script CMakeFiles/cmTC_419cd.dir/link.txt --verbose=1
/usr/bin/cc  -DCHECK_FUNCTION_EXISTS=pthread_create    -rdynamic CMakeFiles/cmTC_419cd.dir/CheckFunctionExists.c.o  -o cmTC_419cd -lpthreads 
/usr/bin/ld: cannot find -lpthreads
collect2: error: ld returned 1 exit status
CMakeFiles/cmTC_419cd.dir/build.make:97: recipe for target 'cmTC_419cd' failed
make[1]: *** [cmTC_419cd] Error 1
make[1]: Leaving directory '/home/ubuntu/environment/3m_ws/build/px100_simulation/CMakeFiles/CMakeTmp'
Makefile:126: recipe for target 'cmTC_419cd/fast' failed
make: *** [cmTC_419cd/fast] Error 2


